  func.cpp
G:\Tài liệu\ĐẠI HỌC\Kĩ Thuật Lập Trình\Đồ án\Final Project\FinalProject\project\func.cpp(21,24): warning C4018: '<': signed/unsigned mismatch
G:\Tài liệu\ĐẠI HỌC\Kĩ Thuật Lập Trình\Đồ án\Final Project\FinalProject\project\func.cpp(128,25): warning C4018: '<': signed/unsigned mismatch
G:\Tài liệu\ĐẠI HỌC\Kĩ Thuật Lập Trình\Đồ án\Final Project\FinalProject\project\func.cpp(149,25): warning C4018: '<': signed/unsigned mismatch
G:\Tài liệu\ĐẠI HỌC\Kĩ Thuật Lập Trình\Đồ án\Final Project\FinalProject\project\func.cpp(156,27): warning C4018: '<=': signed/unsigned mismatch
G:\Tài liệu\ĐẠI HỌC\Kĩ Thuật Lập Trình\Đồ án\Final Project\FinalProject\project\func.cpp(194,30): warning C4244: '=': conversion from 'double' to 'int', possible loss of data
G:\Tài liệu\ĐẠI HỌC\Kĩ Thuật Lập Trình\Đồ án\Final Project\FinalProject\project\func.cpp(206,32): warning C4244: '=': conversion from 'double' to 'int', possible loss of data
G:\Tài liệu\ĐẠI HỌC\Kĩ Thuật Lập Trình\Đồ án\Final Project\FinalProject\project\func.cpp(218,31): warning C4244: '=': conversion from 'double' to 'int', possible loss of data
G:\Tài liệu\ĐẠI HỌC\Kĩ Thuật Lập Trình\Đồ án\Final Project\FinalProject\project\func.cpp(231,28): warning C4244: '=': conversion from 'double' to 'int', possible loss of data
G:\Tài liệu\ĐẠI HỌC\Kĩ Thuật Lập Trình\Đồ án\Final Project\FinalProject\project\func.cpp(243,30): warning C4244: '=': conversion from 'double' to 'int', possible loss of data
G:\Tài liệu\ĐẠI HỌC\Kĩ Thuật Lập Trình\Đồ án\Final Project\FinalProject\project\func.cpp(255,29): warning C4244: '=': conversion from 'double' to 'int', possible loss of data
G:\Tài liệu\ĐẠI HỌC\Kĩ Thuật Lập Trình\Đồ án\Final Project\FinalProject\project\func.cpp(299,24): warning C4018: '<': signed/unsigned mismatch
G:\Tài liệu\ĐẠI HỌC\Kĩ Thuật Lập Trình\Đồ án\Final Project\FinalProject\project\func.cpp(367,26): warning C4018: '<': signed/unsigned mismatch
G:\Tài liệu\ĐẠI HỌC\Kĩ Thuật Lập Trình\Đồ án\Final Project\FinalProject\project\func.cpp(371,24): warning C4244: '=': conversion from 'double' to 'int', possible loss of data
G:\Tài liệu\ĐẠI HỌC\Kĩ Thuật Lập Trình\Đồ án\Final Project\FinalProject\project\func.cpp(412,31): warning C4244: '=': conversion from 'double' to 'int', possible loss of data
G:\Tài liệu\ĐẠI HỌC\Kĩ Thuật Lập Trình\Đồ án\Final Project\FinalProject\project\func.cpp(424,33): warning C4244: '=': conversion from 'double' to 'int', possible loss of data
G:\Tài liệu\ĐẠI HỌC\Kĩ Thuật Lập Trình\Đồ án\Final Project\FinalProject\project\func.cpp(436,32): warning C4244: '=': conversion from 'double' to 'int', possible loss of data
G:\Tài liệu\ĐẠI HỌC\Kĩ Thuật Lập Trình\Đồ án\Final Project\FinalProject\project\func.cpp(448,37): warning C4244: '=': conversion from 'double' to 'float', possible loss of data
G:\Tài liệu\ĐẠI HỌC\Kĩ Thuật Lập Trình\Đồ án\Final Project\FinalProject\project\func.cpp(460,39): warning C4244: '=': conversion from 'double' to 'float', possible loss of data
G:\Tài liệu\ĐẠI HỌC\Kĩ Thuật Lập Trình\Đồ án\Final Project\FinalProject\project\func.cpp(472,37): warning C4244: '=': conversion from 'double' to 'float', possible loss of data
G:\Tài liệu\ĐẠI HỌC\Kĩ Thuật Lập Trình\Đồ án\Final Project\FinalProject\project\func.cpp(484,37): warning C4244: '=': conversion from 'double' to 'float', possible loss of data
G:\Tài liệu\ĐẠI HỌC\Kĩ Thuật Lập Trình\Đồ án\Final Project\FinalProject\project\func.cpp(492,25): warning C4018: '<': signed/unsigned mismatch
G:\Tài liệu\ĐẠI HỌC\Kĩ Thuật Lập Trình\Đồ án\Final Project\FinalProject\project\func.cpp(555,27): warning C4018: '<': signed/unsigned mismatch
G:\Tài liệu\ĐẠI HỌC\Kĩ Thuật Lập Trình\Đồ án\Final Project\FinalProject\project\func.cpp(559,25): warning C4244: '=': conversion from 'double' to 'int', possible loss of data
G:\Tài liệu\ĐẠI HỌC\Kĩ Thuật Lập Trình\Đồ án\Final Project\FinalProject\project\func.cpp(600,32): warning C4244: '=': conversion from 'double' to 'int', possible loss of data
G:\Tài liệu\ĐẠI HỌC\Kĩ Thuật Lập Trình\Đồ án\Final Project\FinalProject\project\func.cpp(612,34): warning C4244: '=': conversion from 'double' to 'int', possible loss of data
G:\Tài liệu\ĐẠI HỌC\Kĩ Thuật Lập Trình\Đồ án\Final Project\FinalProject\project\func.cpp(624,33): warning C4244: '=': conversion from 'double' to 'int', possible loss of data
G:\Tài liệu\ĐẠI HỌC\Kĩ Thuật Lập Trình\Đồ án\Final Project\FinalProject\project\func.cpp(637,38): warning C4244: '=': conversion from 'double' to 'float', possible loss of data
G:\Tài liệu\ĐẠI HỌC\Kĩ Thuật Lập Trình\Đồ án\Final Project\FinalProject\project\func.cpp(649,40): warning C4244: '=': conversion from 'double' to 'float', possible loss of data
G:\Tài liệu\ĐẠI HỌC\Kĩ Thuật Lập Trình\Đồ án\Final Project\FinalProject\project\func.cpp(661,38): warning C4244: '=': conversion from 'double' to 'float', possible loss of data
G:\Tài liệu\ĐẠI HỌC\Kĩ Thuật Lập Trình\Đồ án\Final Project\FinalProject\project\func.cpp(673,38): warning C4244: '=': conversion from 'double' to 'float', possible loss of data
G:\Tài liệu\ĐẠI HỌC\Kĩ Thuật Lập Trình\Đồ án\Final Project\FinalProject\project\func.cpp(679,26): warning C4018: '<': signed/unsigned mismatch
G:\Tài liệu\ĐẠI HỌC\Kĩ Thuật Lập Trình\Đồ án\Final Project\FinalProject\project\func.cpp(741,27): warning C4018: '<': signed/unsigned mismatch
G:\Tài liệu\ĐẠI HỌC\Kĩ Thuật Lập Trình\Đồ án\Final Project\FinalProject\project\func.cpp(745,25): warning C4244: '=': conversion from 'double' to 'int', possible loss of data
G:\Tài liệu\ĐẠI HỌC\Kĩ Thuật Lập Trình\Đồ án\Final Project\FinalProject\project\func.cpp(786,32): warning C4244: '=': conversion from 'double' to 'int', possible loss of data
G:\Tài liệu\ĐẠI HỌC\Kĩ Thuật Lập Trình\Đồ án\Final Project\FinalProject\project\func.cpp(798,34): warning C4244: '=': conversion from 'double' to 'int', possible loss of data
G:\Tài liệu\ĐẠI HỌC\Kĩ Thuật Lập Trình\Đồ án\Final Project\FinalProject\project\func.cpp(810,33): warning C4244: '=': conversion from 'double' to 'int', possible loss of data
G:\Tài liệu\ĐẠI HỌC\Kĩ Thuật Lập Trình\Đồ án\Final Project\FinalProject\project\func.cpp(822,38): warning C4244: '=': conversion from 'double' to 'float', possible loss of data
G:\Tài liệu\ĐẠI HỌC\Kĩ Thuật Lập Trình\Đồ án\Final Project\FinalProject\project\func.cpp(834,40): warning C4244: '=': conversion from 'double' to 'float', possible loss of data
G:\Tài liệu\ĐẠI HỌC\Kĩ Thuật Lập Trình\Đồ án\Final Project\FinalProject\project\func.cpp(846,38): warning C4244: '=': conversion from 'double' to 'float', possible loss of data
G:\Tài liệu\ĐẠI HỌC\Kĩ Thuật Lập Trình\Đồ án\Final Project\FinalProject\project\func.cpp(858,38): warning C4244: '=': conversion from 'double' to 'float', possible loss of data
G:\Tài liệu\ĐẠI HỌC\Kĩ Thuật Lập Trình\Đồ án\Final Project\FinalProject\project\func.cpp(865,26): warning C4018: '<': signed/unsigned mismatch
G:\Tài liệu\ĐẠI HỌC\Kĩ Thuật Lập Trình\Đồ án\Final Project\FinalProject\project\func.cpp(883,26): warning C4018: '<': signed/unsigned mismatch
G:\Tài liệu\ĐẠI HỌC\Kĩ Thuật Lập Trình\Đồ án\Final Project\FinalProject\project\func.cpp(947,27): warning C4018: '<': signed/unsigned mismatch
G:\Tài liệu\ĐẠI HỌC\Kĩ Thuật Lập Trình\Đồ án\Final Project\FinalProject\project\func.cpp(951,25): warning C4244: '=': conversion from 'double' to 'int', possible loss of data
G:\Tài liệu\ĐẠI HỌC\Kĩ Thuật Lập Trình\Đồ án\Final Project\FinalProject\project\func.cpp(992,32): warning C4244: '=': conversion from 'double' to 'int', possible loss of data
G:\Tài liệu\ĐẠI HỌC\Kĩ Thuật Lập Trình\Đồ án\Final Project\FinalProject\project\func.cpp(1004,34): warning C4244: '=': conversion from 'double' to 'int', possible loss of data
G:\Tài liệu\ĐẠI HỌC\Kĩ Thuật Lập Trình\Đồ án\Final Project\FinalProject\project\func.cpp(1016,33): warning C4244: '=': conversion from 'double' to 'int', possible loss of data
G:\Tài liệu\ĐẠI HỌC\Kĩ Thuật Lập Trình\Đồ án\Final Project\FinalProject\project\func.cpp(1028,38): warning C4244: '=': conversion from 'double' to 'float', possible loss of data
G:\Tài liệu\ĐẠI HỌC\Kĩ Thuật Lập Trình\Đồ án\Final Project\FinalProject\project\func.cpp(1040,40): warning C4244: '=': conversion from 'double' to 'float', possible loss of data
G:\Tài liệu\ĐẠI HỌC\Kĩ Thuật Lập Trình\Đồ án\Final Project\FinalProject\project\func.cpp(1052,38): warning C4244: '=': conversion from 'double' to 'float', possible loss of data
G:\Tài liệu\ĐẠI HỌC\Kĩ Thuật Lập Trình\Đồ án\Final Project\FinalProject\project\func.cpp(1064,38): warning C4244: '=': conversion from 'double' to 'float', possible loss of data
G:\Tài liệu\ĐẠI HỌC\Kĩ Thuật Lập Trình\Đồ án\Final Project\FinalProject\project\func.cpp(1076,26): warning C4018: '<': signed/unsigned mismatch
G:\Tài liệu\ĐẠI HỌC\Kĩ Thuật Lập Trình\Đồ án\Final Project\FinalProject\project\func.cpp(1122,25): warning C4018: '<': signed/unsigned mismatch
G:\Tài liệu\ĐẠI HỌC\Kĩ Thuật Lập Trình\Đồ án\Final Project\FinalProject\project\func.cpp(1129,25): warning C4018: '<': signed/unsigned mismatch
G:\Tài liệu\ĐẠI HỌC\Kĩ Thuật Lập Trình\Đồ án\Final Project\FinalProject\project\func.cpp(1140,25): warning C4018: '<': signed/unsigned mismatch
G:\Tài liệu\ĐẠI HỌC\Kĩ Thuật Lập Trình\Đồ án\Final Project\FinalProject\project\func.cpp(1163): warning C4715: 'createCourse': not all control paths return a value
  project.vcxproj -> G:\Tài liệu\ĐẠI HỌC\Kĩ Thuật Lập Trình\Đồ án\Final Project\FinalProject\Debug\project.exe
